[0624/170002.546:ERROR:process_reader_win.cc(123)] NtOpenThread: {Access Denied} A process has requested access to an object, but has not been granted those access rights. (0xc0000022)
[0624/170002.611:ERROR:process_reader_win.cc(123)] NtOpenThread: {Access Denied} A process has requested access to an object, but has not been granted those access rights. (0xc0000022)
[0624/170002.628:ERROR:process_reader_win.cc(123)] NtOpenThread: {Access Denied} A process has requested access to an object, but has not been granted those access rights. (0xc0000022)
[0624/170002.546:ERROR:process_reader_win.cc(123)] NtOpenThread: {Access Denied} A process has requested access to an object, but has not been granted those access rights. (0xc0000022)
[0624/170002.688:ERROR:scoped_process_suspend.cc(31)] NtSuspendProcess: An attempt was made to access an exiting process. (0xc000010a)
[0624/170002.546:ERROR:process_reader_win.cc(123)] NtOpenThread: {Access Denied} A process has requested access to an object, but has not been granted those access rights. (0xc0000022)
[0624/170002.704:ERROR:process_reader_win.cc(123)] NtOpenThread: {Access Denied} A process has requested access to an object, but has not been granted those access rights. (0xc0000022)
[0624/170002.546:ERROR:process_reader_win.cc(123)] NtOpenThread: {Access Denied} A process has requested access to an object, but has not been granted those access rights. (0xc0000022)
[0624/170002.585:ERROR:process_reader_win.cc(123)] NtOpenThread: {Access Denied} A process has requested access to an object, but has not been granted those access rights. (0xc0000022)
[0624/170002.546:ERROR:process_reader_win.cc(123)] NtOpenThread: {Access Denied} A process has requested access to an object, but has not been granted those access rights. (0xc0000022)
[0624/170002.688:ERROR:process_reader_win.cc(123)] NtOpenThread: {Access Denied} A process has requested access to an object, but has not been granted those access rights. (0xc0000022)
[0624/170002.623:ERROR:process_reader_win.cc(123)] NtOpenThread: {Access Denied} A process has requested access to an object, but has not been granted those access rights. (0xc0000022)
[0624/170002.619:ERROR:process_reader_win.cc(123)] NtOpenThread: {Access Denied} A process has requested access to an object, but has not been granted those access rights. (0xc0000022)
[0624/170002.720:ERROR:exception_snapshot_win.cc(98)] thread ID 5096 not found in process
[0624/170002.720:ERROR:exception_snapshot_win.cc(98)] thread ID 11236 not found in process
[0624/170002.721:ERROR:exception_snapshot_win.cc(98)] thread ID 5680 not found in process
[0624/170002.721:ERROR:exception_snapshot_win.cc(98)] thread ID 1220 not found in process
[0624/170002.720:ERROR:exception_snapshot_win.cc(98)] thread ID 4536 not found in process
[0624/170002.721:ERROR:exception_snapshot_win.cc(98)] thread ID 468 not found in process
[0624/170002.721:ERROR:exception_snapshot_win.cc(98)] thread ID 4504 not found in process
[0624/170002.721:ERROR:exception_snapshot_win.cc(98)] thread ID 5204 not found in process
[0624/170002.721:ERROR:exception_snapshot_win.cc(98)] thread ID 13072 not found in process
[0624/170002.721:ERROR:exception_snapshot_win.cc(98)] thread ID 5892 not found in process
[0624/170002.721:ERROR:exception_snapshot_win.cc(98)] thread ID 11976 not found in process
[0624/170002.721:ERROR:process_info.cc(118)] ReadProcessMemory bool __cdecl crashpad::(anonymous namespace)::ReadStruct(HANDLE, crashpad::WinVMAddress, T *) [T = crashpad::process_types::PEB<crashpad::process_types::internal::Traits64>]: Only part of a ReadProcessMemory or WriteProcessMemory request was completed. (0x12B)
[0624/170002.721:ERROR:process_info.cc(551)] ReadProcessData failed
[0624/170002.721:ERROR:exception_snapshot_win.cc(98)] thread ID 1028 not found in process
[0624/170002.741:ERROR:process_reader_win.cc(123)] NtOpenThread: {Access Denied} A process has requested access to an object, but has not been granted those access rights. (0xc0000022)
[0624/170002.741:ERROR:exception_snapshot_win.cc(98)] thread ID 816 not found in process
[0624/170002.743:ERROR:process_reader_win.cc(123)] NtOpenThread: {Access Denied} A process has requested access to an object, but has not been granted those access rights. (0xc0000022)
[0624/170002.743:ERROR:exception_snapshot_win.cc(98)] thread ID 11840 not found in process
[0624/170002.744:ERROR:process_reader_win.cc(123)] NtOpenThread: {Access Denied} A process has requested access to an object, but has not been granted those access rights. (0xc0000022)
[0624/170002.744:ERROR:exception_snapshot_win.cc(98)] thread ID 7636 not found in process
[0624/170002.758:ERROR:scoped_process_suspend.cc(31)] NtSuspendProcess: An attempt was made to access an exiting process. (0xc000010a)
[0624/170002.758:ERROR:process_info.cc(118)] ReadProcessMemory bool __cdecl crashpad::(anonymous namespace)::ReadStruct(HANDLE, crashpad::WinVMAddress, T *) [T = crashpad::process_types::PEB<crashpad::process_types::internal::Traits64>]: Only part of a ReadProcessMemory or WriteProcessMemory request was completed. (0x12B)
[0624/170002.758:ERROR:process_info.cc(551)] ReadProcessData failed
[0624/170002.758:ERROR:scoped_process_suspend.cc(31)] NtSuspendProcess: An attempt was made to access an exiting process. (0xc000010a)
[0624/170002.758:ERROR:process_info.cc(118)] ReadProcessMemory bool __cdecl crashpad::(anonymous namespace)::ReadStruct(HANDLE, crashpad::WinVMAddress, T *) [T = crashpad::process_types::PEB<crashpad::process_types::internal::Traits64>]: Only part of a ReadProcessMemory or WriteProcessMemory request was completed. (0x12B)
[0624/170002.758:ERROR:process_info.cc(551)] ReadProcessData failed
[0624/170002.761:ERROR:process_reader_win.cc(123)] NtOpenThread: {Access Denied} A process has requested access to an object, but has not been granted those access rights. (0xc0000022)
[0624/170002.761:ERROR:exception_snapshot_win.cc(98)] thread ID 5104 not found in process
[0624/170002.761:ERROR:process_reader_win.cc(123)] NtOpenThread: {Access Denied} A process has requested access to an object, but has not been granted those access rights. (0xc0000022)
[0624/170002.761:ERROR:exception_snapshot_win.cc(98)] thread ID 8656 not found in process
[0624/170002.770:ERROR:process_reader_win.cc(123)] NtOpenThread: {Access Denied} A process has requested access to an object, but has not been granted those access rights. (0xc0000022)
[0624/170002.770:ERROR:exception_snapshot_win.cc(98)] thread ID 1108 not found in process
[0624/170002.776:ERROR:process_reader_win.cc(123)] NtOpenThread: {Access Denied} A process has requested access to an object, but has not been granted those access rights. (0xc0000022)
[0624/170002.776:ERROR:exception_snapshot_win.cc(98)] thread ID 5768 not found in process
[0624/170002.777:ERROR:process_reader_win.cc(123)] NtOpenThread: {Access Denied} A process has requested access to an object, but has not been granted those access rights. (0xc0000022)
[0624/170002.777:ERROR:process_reader_win.cc(123)] NtOpenThread: {Access Denied} A process has requested access to an object, but has not been granted those access rights. (0xc0000022)
[0624/170002.777:ERROR:exception_snapshot_win.cc(98)] thread ID 11624 not found in process
[0624/170002.777:ERROR:exception_snapshot_win.cc(98)] thread ID 6976 not found in process
[0624/170002.779:ERROR:process_reader_win.cc(123)] NtOpenThread: {Access Denied} A process has requested access to an object, but has not been granted those access rights. (0xc0000022)
[0624/170002.779:ERROR:exception_snapshot_win.cc(98)] thread ID 5636 not found in process
